<?xml version="1.0" encoding="UTF-8"?>
<!-- Generated by org.testng.reporters.JUnitReportReporter -->
<testsuite hostname="DESKTOP-M6CC2QN" failures="0" tests="3" name="TestNG.DataProviderExample" time="16.264" errors="0" timestamp="2020-08-27T07:01:45 IST" skipped="0">
  <testcase classname="TestNG.DataProviderExample" name="loginPage" time="5.339"/>
  <system-out/>
  <testcase classname="TestNG.DataProviderExample" name="loginPage" time="5.458"/>
  <system-out/>
  <testcase classname="TestNG.DataProviderExample" name="loginPage" time="5.467"/>
  <system-out/>
</testsuite> <!-- TestNG.DataProviderExample -->
