<?xml version="1.0" encoding="UTF-8"?>
<!-- Generated by org.testng.reporters.JUnitReportReporter -->
<testsuite skipped="0" hostname="DESKTOP-M6CC2QN" name="TestNG.Day2" tests="1" failures="0" timestamp="2020-10-18T12:56:52 IST" time="0.001" errors="0">
  <testcase name="mortageLoan" time="0.001" classname="TestNG.Day2"/>
  <system-out/>
</testsuite> <!-- TestNG.Day2 -->
