<?xml version="1.0" encoding="UTF-8"?>
<!-- Generated by org.testng.reporters.JUnitReportReporter -->
<testsuite hostname="DESKTOP-M6CC2QN" failures="0" tests="1" name="TestNG.LoadingDataExample" time="0.007" errors="0" timestamp="2020-08-27T15:23:49 IST" skipped="0">
  <testcase classname="TestNG.LoadingDataExample" name="data" time="0.007"/>
  <system-out/>
</testsuite> <!-- TestNG.LoadingDataExample -->
